<?xml version="1.0" encoding="UTF-8"?>
<!-- Generated by org.testng.reporters.JUnitXMLReporter -->
<testsuite hostname="MacBook-Pro-de-M.local" name="businessLogic.ProjectDaoTest" tests="1" failures="1" timestamp="24 May 2021 01:27:39 GMT" time="2.946" errors="0">
  <testcase name="testGetProjects on testGetProjects(businessLogic.ProjectDaoTest)" time="2.509" classname="businessLogic.ProjectDaoTest">
    <failure type="java.lang.AssertionError" message="expected:&amp;lt;[domain.Project@5360bed, domain.Project@5bd9aa93]&amp;gt; but was:&amp;lt;[domain.Project@5360bed, domain.Project@413baebf]&amp;gt;">
      <![CDATA[java.lang.AssertionError: expected:<[domain.Project@5360bed, domain.Project@5bd9aa93]> but was:<[domain.Project@5360bed, domain.Project@413baebf]>
	at org.junit.Assert.fail(Assert.java:88)
	at org.junit.Assert.failNotEquals(Assert.java:834)
	at org.junit.Assert.assertEquals(Assert.java:118)
	at org.junit.Assert.assertEquals(Assert.java:144)
	at businessLogic.ProjectDaoTest.testGetProjects(ProjectDaoTest.java:58)
	at org.junit.runners.model.FrameworkMethod$1.runReflectiveCall(FrameworkMethod.java:50)
	at org.junit.internal.runners.model.ReflectiveCallable.run(ReflectiveCallable.java:12)
	at org.junit.runners.model.FrameworkMethod.invokeExplosively(FrameworkMethod.java:47)
	at org.junit.internal.runners.statements.InvokeMethod.evaluate(InvokeMethod.java:17)
	at org.junit.runners.ParentRunner.runLeaf(ParentRunner.java:325)
	at org.junit.runners.BlockJUnit4ClassRunner.runChild(BlockJUnit4ClassRunner.java:78)
	at org.junit.runners.BlockJUnit4ClassRunner.runChild(BlockJUnit4ClassRunner.java:57)
	at org.junit.runners.ParentRunner$3.run(ParentRunner.java:290)
	at org.junit.runners.ParentRunner$1.schedule(ParentRunner.java:71)
	at org.junit.runners.ParentRunner.runChildren(ParentRunner.java:288)
	at org.junit.runners.ParentRunner.access$000(ParentRunner.java:58)
	at org.junit.runners.ParentRunner$2.evaluate(ParentRunner.java:268)
	at org.junit.runners.ParentRunner.run(ParentRunner.java:363)
	at org.junit.runner.JUnitCore.run(JUnitCore.java:137)
	at org.junit.runner.JUnitCore.run(JUnitCore.java:115)
... Removed 21 stack frames]]>
    </failure>
  </testcase> <!-- testGetProjects on testGetProjects(businessLogic.ProjectDaoTest) -->
</testsuite> <!-- businessLogic.ProjectDaoTest -->
