<?xml version="1.0" encoding="UTF-8"?>
<!-- Generated by org.testng.reporters.JUnitXMLReporter -->
<testsuite hostname="MacBook-Pro-de-M.local" name="businessLogic.MemberDAOTest" tests="1" failures="1" timestamp="15 Jun 2021 23:51:12 GMT" time="1.5" errors="0">
  <testcase name="testGetMembers on testGetMembers(businessLogic.MemberDAOTest)" time="1.269" classname="businessLogic.MemberDAOTest">
    <failure type="java.lang.AssertionError" message="expected:&amp;lt;[4065161	Maria de los Angeles Arenas Valdes, 7938268	Maria Karen Cortes Verdin, 8325134	Juan Carlos Perez Arriaga]&amp;gt; but was:&amp;lt;[4065161	Maria de los Angeles Arenas Valdes, 8325134	Juan Carlos Perez Arriaga]&amp;gt;">
      <![CDATA[java.lang.AssertionError: expected:<[4065161	Maria de los Angeles Arenas Valdes, 7938268	Maria Karen Cortes Verdin, 8325134	Juan Carlos Perez Arriaga]> but was:<[4065161	Maria de los Angeles Arenas Valdes, 8325134	Juan Carlos Perez Arriaga]>
	at org.junit.Assert.fail(Assert.java:88)
	at org.junit.Assert.failNotEquals(Assert.java:834)
	at org.junit.Assert.assertEquals(Assert.java:118)
	at org.junit.Assert.assertEquals(Assert.java:144)
	at businessLogic.MemberDAOTest.testGetMembers(MemberDAOTest.java:98)
	at org.junit.runners.model.FrameworkMethod$1.runReflectiveCall(FrameworkMethod.java:50)
	at org.junit.internal.runners.model.ReflectiveCallable.run(ReflectiveCallable.java:12)
	at org.junit.runners.model.FrameworkMethod.invokeExplosively(FrameworkMethod.java:47)
	at org.junit.internal.runners.statements.InvokeMethod.evaluate(InvokeMethod.java:17)
	at org.junit.runners.ParentRunner.runLeaf(ParentRunner.java:325)
	at org.junit.runners.BlockJUnit4ClassRunner.runChild(BlockJUnit4ClassRunner.java:78)
	at org.junit.runners.BlockJUnit4ClassRunner.runChild(BlockJUnit4ClassRunner.java:57)
	at org.junit.runners.ParentRunner$3.run(ParentRunner.java:290)
	at org.junit.runners.ParentRunner$1.schedule(ParentRunner.java:71)
	at org.junit.runners.ParentRunner.runChildren(ParentRunner.java:288)
	at org.junit.runners.ParentRunner.access$000(ParentRunner.java:58)
	at org.junit.runners.ParentRunner$2.evaluate(ParentRunner.java:268)
	at org.junit.runners.ParentRunner.run(ParentRunner.java:363)
	at org.junit.runner.JUnitCore.run(JUnitCore.java:137)
	at org.junit.runner.JUnitCore.run(JUnitCore.java:115)
... Removed 21 stack frames]]>
    </failure>
  </testcase> <!-- testGetMembers on testGetMembers(businessLogic.MemberDAOTest) -->
</testsuite> <!-- businessLogic.MemberDAOTest -->
