<?xml version="1.0" encoding="UTF-8"?>
<!-- Generated by org.testng.reporters.JUnitXMLReporter -->
<testsuite hostname="MacBook-Pro-de-M.local" name="businessLogic.PrerequisiteDAOTest" tests="6" failures="1" timestamp="17 Jun 2021 09:02:38 GMT" time="0.378" errors="0">
  <testcase name="testsearchNotFoundId on testsearchNotFoundId(businessLogic.PrerequisiteDAOTest)" time="0.033" classname="businessLogic.PrerequisiteDAOTest"/>
  <testcase name="testGetPrerequisites on testGetPrerequisites(businessLogic.PrerequisiteDAOTest)" time="0.19" classname="businessLogic.PrerequisiteDAOTest"/>
  <testcase name="testUpdatePrerequisites on testUpdatePrerequisites(businessLogic.PrerequisiteDAOTest)" time="0.023" classname="businessLogic.PrerequisiteDAOTest"/>
  <testcase name="testDelete on testDelete(businessLogic.PrerequisiteDAOTest)" time="0.025" classname="businessLogic.PrerequisiteDAOTest"/>
  <testcase name="testsearchId on testsearchId(businessLogic.PrerequisiteDAOTest)" time="0.03" classname="businessLogic.PrerequisiteDAOTest">
    <failure type="java.lang.AssertionError" message="expected:&amp;lt;2&amp;gt; but was:&amp;lt;1&amp;gt;">
      <![CDATA[java.lang.AssertionError: expected:<2> but was:<1>
	at org.junit.Assert.fail(Assert.java:88)
	at org.junit.Assert.failNotEquals(Assert.java:834)
	at org.junit.Assert.assertEquals(Assert.java:645)
	at org.junit.Assert.assertEquals(Assert.java:631)
	at businessLogic.PrerequisiteDAOTest.testsearchId(PrerequisiteDAOTest.java:27)
	at org.junit.runners.model.FrameworkMethod$1.runReflectiveCall(FrameworkMethod.java:50)
	at org.junit.internal.runners.model.ReflectiveCallable.run(ReflectiveCallable.java:12)
	at org.junit.runners.model.FrameworkMethod.invokeExplosively(FrameworkMethod.java:47)
	at org.junit.internal.runners.statements.InvokeMethod.evaluate(InvokeMethod.java:17)
	at org.junit.runners.ParentRunner.runLeaf(ParentRunner.java:325)
	at org.junit.runners.BlockJUnit4ClassRunner.runChild(BlockJUnit4ClassRunner.java:78)
	at org.junit.runners.BlockJUnit4ClassRunner.runChild(BlockJUnit4ClassRunner.java:57)
	at org.junit.runners.ParentRunner$3.run(ParentRunner.java:290)
	at org.junit.runners.ParentRunner$1.schedule(ParentRunner.java:71)
	at org.junit.runners.ParentRunner.runChildren(ParentRunner.java:288)
	at org.junit.runners.ParentRunner.access$000(ParentRunner.java:58)
	at org.junit.runners.ParentRunner$2.evaluate(ParentRunner.java:268)
	at org.junit.runners.ParentRunner.run(ParentRunner.java:363)
	at org.junit.runner.JUnitCore.run(JUnitCore.java:137)
	at org.junit.runner.JUnitCore.run(JUnitCore.java:115)
... Removed 21 stack frames]]>
    </failure>
  </testcase> <!-- testsearchId on testsearchId(businessLogic.PrerequisiteDAOTest) -->
  <testcase name="testSavePrerequisites on testSavePrerequisites(businessLogic.PrerequisiteDAOTest)" time="0.071" classname="businessLogic.PrerequisiteDAOTest"/>
</testsuite> <!-- businessLogic.PrerequisiteDAOTest -->
