<?xml version="1.0" encoding="UTF-8"?>
<testng-results skipped="0" failed="1" total="5" passed="4">
  <reporter-output>
  </reporter-output>
  <suite name="SistemaCuerpoAcademico" duration-ms="5802" started-at="2021-04-13T04:23:49Z" finished-at="2021-04-13T04:23:55Z">
    <groups>
    </groups>
    <test name="businessLogic.MinuteDAOTest" duration-ms="5802" started-at="2021-04-13T04:23:49Z" finished-at="2021-04-13T04:23:55Z">
      <class name="businessLogic.MinuteDAOTest">
        <test-method status="PASS" signature="testApproveMinute()[pri:0, instance:testApproveMinute(businessLogic.MinuteDAOTest)]" name="testApproveMinute" duration-ms="4161" started-at="2021-04-12T23:23:50Z" finished-at="2021-04-12T23:23:54Z">
          <reporter-output>
          </reporter-output>
        </test-method> <!-- testApproveMinute -->
        <test-method status="PASS" signature="testGetMinutesComments()[pri:0, instance:testGetMinutesComments(businessLogic.MinuteDAOTest)]" name="testGetMinutesComments" duration-ms="285" started-at="2021-04-12T23:23:54Z" finished-at="2021-04-12T23:23:54Z">
          <reporter-output>
          </reporter-output>
        </test-method> <!-- testGetMinutesComments -->
        <test-method status="FAIL" signature="testSaveMinute()[pri:0, instance:testSaveMinute(businessLogic.MinuteDAOTest)]" name="testSaveMinute" duration-ms="341" started-at="2021-04-12T23:23:54Z" finished-at="2021-04-12T23:23:54Z">
          <exception class="java.lang.AssertionError">
            <full-stacktrace>
              <![CDATA[java.lang.AssertionError
	at org.junit.Assert.fail(Assert.java:86)
	at org.junit.Assert.assertTrue(Assert.java:41)
	at org.junit.Assert.assertTrue(Assert.java:52)
	at businessLogic.MinuteDAOTest.testSaveMinute(MinuteDAOTest.java:52)
	at sun.reflect.NativeMethodAccessorImpl.invoke0(Native Method)
	at sun.reflect.NativeMethodAccessorImpl.invoke(NativeMethodAccessorImpl.java:62)
	at sun.reflect.DelegatingMethodAccessorImpl.invoke(DelegatingMethodAccessorImpl.java:43)
	at java.lang.reflect.Method.invoke(Method.java:498)
	at org.junit.runners.model.FrameworkMethod$1.runReflectiveCall(FrameworkMethod.java:50)
	at org.junit.internal.runners.model.ReflectiveCallable.run(ReflectiveCallable.java:12)
	at org.junit.runners.model.FrameworkMethod.invokeExplosively(FrameworkMethod.java:47)
	at org.junit.internal.runners.statements.InvokeMethod.evaluate(InvokeMethod.java:17)
	at org.junit.internal.runners.statements.RunBefores.evaluate(RunBefores.java:26)
	at org.junit.internal.runners.statements.RunAfters.evaluate(RunAfters.java:27)
	at org.junit.runners.ParentRunner.runLeaf(ParentRunner.java:325)
	at org.junit.runners.BlockJUnit4ClassRunner.runChild(BlockJUnit4ClassRunner.java:78)
	at org.junit.runners.BlockJUnit4ClassRunner.runChild(BlockJUnit4ClassRunner.java:57)
	at org.junit.runners.ParentRunner$3.run(ParentRunner.java:290)
	at org.junit.runners.ParentRunner$1.schedule(ParentRunner.java:71)
	at org.junit.runners.ParentRunner.runChildren(ParentRunner.java:288)
	at org.junit.runners.ParentRunner.access$000(ParentRunner.java:58)
	at org.junit.runners.ParentRunner$2.evaluate(ParentRunner.java:268)
	at org.junit.internal.runners.statements.RunBefores.evaluate(RunBefores.java:26)
	at org.junit.internal.runners.statements.RunAfters.evaluate(RunAfters.java:27)
	at org.junit.runners.ParentRunner.run(ParentRunner.java:363)
	at org.junit.runner.JUnitCore.run(JUnitCore.java:137)
	at org.junit.runner.JUnitCore.run(JUnitCore.java:115)
	at org.testng.junit.JUnit4TestRunner.start(JUnit4TestRunner.java:81)
	at org.testng.junit.JUnit4TestRunner.run(JUnit4TestRunner.java:69)
	at org.testng.TestRunner$1.run(TestRunner.java:682)
	at org.testng.TestRunner.runWorkers(TestRunner.java:1005)
	at org.testng.TestRunner.privateRunJUnit(TestRunner.java:713)
	at org.testng.TestRunner.run(TestRunner.java:614)
	at org.testng.SuiteRunner.runTest(SuiteRunner.java:334)
	at org.testng.SuiteRunner.runSequentially(SuiteRunner.java:329)
	at org.testng.SuiteRunner.privateRun(SuiteRunner.java:291)
	at org.testng.SuiteRunner.run(SuiteRunner.java:240)
	at org.testng.SuiteRunnerWorker.runSuite(SuiteRunnerWorker.java:52)
	at org.testng.SuiteRunnerWorker.run(SuiteRunnerWorker.java:86)
	at org.testng.TestNG.runSuitesSequentially(TestNG.java:1224)
	at org.testng.TestNG.runSuitesLocally(TestNG.java:1149)
	at org.testng.TestNG.run(TestNG.java:1057)
	at org.testng.TestNG.privateMain(TestNG.java:1364)
	at org.testng.TestNG.main(TestNG.java:1333)
]]>
            </full-stacktrace>
          </exception> <!-- java.lang.AssertionError -->
          <reporter-output>
          </reporter-output>
        </test-method> <!-- testSaveMinute -->
        <test-method status="PASS" signature="testGetMinutes()[pri:0, instance:testGetMinutes(businessLogic.MinuteDAOTest)]" name="testGetMinutes" duration-ms="166" started-at="2021-04-12T23:23:54Z" finished-at="2021-04-12T23:23:54Z">
          <reporter-output>
          </reporter-output>
        </test-method> <!-- testGetMinutes -->
        <test-method status="PASS" signature="testDisapproveMinute()[pri:0, instance:testDisapproveMinute(businessLogic.MinuteDAOTest)]" name="testDisapproveMinute" duration-ms="64" started-at="2021-04-12T23:23:54Z" finished-at="2021-04-12T23:23:55Z">
          <reporter-output>
          </reporter-output>
        </test-method> <!-- testDisapproveMinute -->
      </class> <!-- businessLogic.MinuteDAOTest -->
    </test> <!-- businessLogic.MinuteDAOTest -->
  </suite> <!-- SistemaCuerpoAcademico -->
</testng-results>
